<?xml version="1.0" encoding="UTF-8"?>
<!-- Generated by org.testng.reporters.JUnitReportReporter -->
<testsuite skipped="0" hostname="LAPTOP-B96H66BF" name="com.class_12.ReadingPropertyFile" tests="1" failures="0" timestamp="23 Jun 2019 16:09:11 GMT" time="6.199" errors="0">
  <testcase name="readFile" time="6.199" classname="com.class_12.ReadingPropertyFile"/>
</testsuite> <!-- com.class_12.ReadingPropertyFile -->
